2024-10-08T21:04:55.285+05:30  INFO 376 --- [SB_Logging_App] [main] com.luv2code.Application                 : Starting Application using Java 17 with PID 376 (C:\Users\Ashwini Kumar\Downloads\udemy\01_SB_Logging_App\target\classes started by Ashwini Kumar in C:\Users\Ashwini Kumar\Downloads\udemy\01_SB_Logging_App)
2024-10-08T21:04:55.290+05:30  INFO 376 --- [SB_Logging_App] [main] com.luv2code.Application                 : No active profile set, falling back to 1 default profile: "default"
2024-10-08T21:05:00.486+05:30  INFO 376 --- [SB_Logging_App] [main] o.s.b.w.embedded.tomcat.TomcatWebServer  : Tomcat initialized with port 8080 (http)
2024-10-08T21:05:00.856+05:30  INFO 376 --- [SB_Logging_App] [main] o.apache.catalina.core.StandardService   : Starting service [Tomcat]
2024-10-08T21:05:00.857+05:30  INFO 376 --- [SB_Logging_App] [main] o.apache.catalina.core.StandardEngine    : Starting Servlet engine: [Apache Tomcat/10.1.30]
2024-10-08T21:05:01.459+05:30  INFO 376 --- [SB_Logging_App] [main] o.a.c.c.C.[Tomcat].[localhost].[/]       : Initializing Spring embedded WebApplicationContext
2024-10-08T21:05:01.461+05:30  INFO 376 --- [SB_Logging_App] [main] w.s.c.ServletWebServerApplicationContext : Root WebApplicationContext: initialization completed in 6071 ms
2024-10-08T21:05:03.262+05:30  INFO 376 --- [SB_Logging_App] [main] o.s.b.w.embedded.tomcat.TomcatWebServer  : Tomcat started on port 8080 (http) with context path '/'
2024-10-08T21:05:03.311+05:30  INFO 376 --- [SB_Logging_App] [main] com.luv2code.Application                 : Started Application in 8.719 seconds (process running for 9.787)
2024-10-08T21:11:42.596+05:30  INFO 376 --- [SB_Logging_App] [http-nio-8080-exec-1] o.a.c.c.C.[Tomcat].[localhost].[/]       : Initializing Spring DispatcherServlet 'dispatcherServlet'
2024-10-08T21:11:42.598+05:30  INFO 376 --- [SB_Logging_App] [http-nio-8080-exec-1] o.s.web.servlet.DispatcherServlet        : Initializing Servlet 'dispatcherServlet'
2024-10-08T21:11:42.604+05:30  INFO 376 --- [SB_Logging_App] [http-nio-8080-exec-1] o.s.web.servlet.DispatcherServlet        : Completed initialization in 3 ms
2024-10-08T21:11:42.981+05:30  INFO 376 --- [SB_Logging_App] [http-nio-8080-exec-1] com.luv2code.service.MsgService          : getWelcomeMsg()    - stated....
2024-10-08T21:11:42.982+05:30  INFO 376 --- [SB_Logging_App] [http-nio-8080-exec-1] com.luv2code.service.MsgService          : getWelcomeMsg()     - ended.....
2024-10-08T21:51:41.206+05:30  INFO 376 --- [SB_Logging_App] [RMI TCP Connection(51)-127.0.0.1] inMXBeanRegistrar$SpringApplicationAdmin : Application shutdown requested.
2024-10-08T21:54:30.387+05:30  INFO 3828 --- [SB_Logging_App] [main] com.luv2code.Application                 : Starting Application using Java 17 with PID 3828 (C:\Users\Ashwini Kumar\Downloads\udemy\01_SB_Logging_App\target\classes started by Ashwini Kumar in C:\Users\Ashwini Kumar\Downloads\udemy\01_SB_Logging_App)
2024-10-08T21:54:30.392+05:30  INFO 3828 --- [SB_Logging_App] [main] com.luv2code.Application                 : No active profile set, falling back to 1 default profile: "default"
2024-10-08T21:54:38.340+05:30  INFO 3828 --- [SB_Logging_App] [main] o.s.b.w.embedded.tomcat.TomcatWebServer  : Tomcat initialized with port 8080 (http)
2024-10-08T21:54:38.461+05:30  INFO 3828 --- [SB_Logging_App] [main] o.apache.catalina.core.StandardService   : Starting service [Tomcat]
2024-10-08T21:54:38.463+05:30  INFO 3828 --- [SB_Logging_App] [main] o.apache.catalina.core.StandardEngine    : Starting Servlet engine: [Apache Tomcat/10.1.30]
2024-10-08T21:54:38.815+05:30  INFO 3828 --- [SB_Logging_App] [main] o.a.c.c.C.[Tomcat].[localhost].[/]       : Initializing Spring embedded WebApplicationContext
2024-10-08T21:54:38.816+05:30  INFO 3828 --- [SB_Logging_App] [main] w.s.c.ServletWebServerApplicationContext : Root WebApplicationContext: initialization completed in 8348 ms
2024-10-08T21:54:40.621+05:30  INFO 3828 --- [SB_Logging_App] [main] o.s.b.w.embedded.tomcat.TomcatWebServer  : Tomcat started on port 8080 (http) with context path '/'
2024-10-08T21:54:40.659+05:30  INFO 3828 --- [SB_Logging_App] [main] com.luv2code.Application                 : Started Application in 13.56 seconds (process running for 14.482)
2024-10-08T21:55:48.728+05:30  INFO 3828 --- [SB_Logging_App] [http-nio-8080-exec-1] o.a.c.c.C.[Tomcat].[localhost].[/]       : Initializing Spring DispatcherServlet 'dispatcherServlet'
2024-10-08T21:55:48.730+05:30  INFO 3828 --- [SB_Logging_App] [http-nio-8080-exec-1] o.s.web.servlet.DispatcherServlet        : Initializing Servlet 'dispatcherServlet'
2024-10-08T21:55:48.734+05:30  INFO 3828 --- [SB_Logging_App] [http-nio-8080-exec-1] o.s.web.servlet.DispatcherServlet        : Completed initialization in 3 ms
2024-10-08T21:55:48.999+05:30  INFO 3828 --- [SB_Logging_App] [http-nio-8080-exec-1] com.luv2code.service.MsgService          : getWelcomeMsg()    - stated....
2024-10-08T21:55:49.000+05:30  INFO 3828 --- [SB_Logging_App] [http-nio-8080-exec-1] com.luv2code.service.MsgService          : getWelcomeMsg()     - ended.....
2024-10-08T21:55:49.001+05:30  WARN 3828 --- [SB_Logging_App] [http-nio-8080-exec-1] com.luv2code.service.MsgService          : this is the warning method  
2024-10-08T21:55:49.001+05:30 ERROR 3828 --- [SB_Logging_App] [http-nio-8080-exec-1] com.luv2code.service.MsgService          : this is the error method
2024-10-08T21:56:22.614+05:30  INFO 3828 --- [SB_Logging_App] [RMI TCP Connection(5)-127.0.0.1] inMXBeanRegistrar$SpringApplicationAdmin : Application shutdown requested.
2024-10-08T21:59:41.372+05:30  WARN 11820 --- [SB_Logging_App] [http-nio-8080-exec-1] com.luv2code.service.MsgService          : this is the warning method  
2024-10-08T21:59:41.394+05:30 ERROR 11820 --- [SB_Logging_App] [http-nio-8080-exec-1] com.luv2code.service.MsgService          : this is the error method
