2024-10-09 22:40:53,531 [main] INFO  com.luv2code.Application                           - Starting Application using Java 17 with PID 5320 (C:\Users\Ashwini Kumar\Downloads\udemy\01_SB_Logging_App\target\classes started by Ashwini Kumar in C:\Users\Ashwini Kumar\Downloads\udemy\01_SB_Logging_App)
2024-10-09 22:40:53,534 [main] INFO  com.luv2code.Application                           - No active profile set, falling back to 1 default profile: "default"
2024-10-09 22:41:02,072 [main] INFO  o.s.b.w.embedded.tomcat.TomcatWebServer            - Tomcat initialized with port 8080 (http)
2024-10-09 22:41:02,298 [main] INFO  o.apache.coyote.http11.Http11NioProtocol           - Initializing ProtocolHandler ["http-nio-8080"]
2024-10-09 22:41:02,310 [main] INFO  o.apache.catalina.core.StandardService             - Starting service [Tomcat]
2024-10-09 22:41:02,312 [main] INFO  org.apache.catalina.core.StandardEngine            - Starting Servlet engine: [Apache Tomcat/10.1.30]
2024-10-09 22:41:02,834 [main] INFO  o.a.c.c.C.[Tomcat].[localhost].[/]                 - Initializing Spring embedded WebApplicationContext
2024-10-09 22:41:02,834 [main] INFO  o.s.b.w.s.c.ServletWebServerApplicationContext     - Root WebApplicationContext: initialization completed in 8904 ms
2024-10-09 22:41:06,226 [main] INFO  o.apache.coyote.http11.Http11NioProtocol           - Starting ProtocolHandler ["http-nio-8080"]
2024-10-09 22:41:06,437 [main] INFO  o.s.b.w.embedded.tomcat.TomcatWebServer            - Tomcat started on port 8080 (http) with context path '/'
2024-10-09 22:41:06,484 [main] INFO  com.luv2code.Application                           - Started Application in 13.731 seconds (process running for 21.852)
2024-10-09 22:43:22,484 [http-nio-8080-exec-1] INFO  o.a.c.c.C.[Tomcat].[localhost].[/]                 - Initializing Spring DispatcherServlet 'dispatcherServlet'
2024-10-09 22:43:22,485 [http-nio-8080-exec-1] INFO  o.s.web.servlet.DispatcherServlet                  - Initializing Servlet 'dispatcherServlet'
2024-10-09 22:43:22,488 [http-nio-8080-exec-1] INFO  o.s.web.servlet.DispatcherServlet                  - Completed initialization in 3 ms
2024-10-09 22:43:23,474 [http-nio-8080-exec-1] INFO  com.luv2code.service.MsgService                    - getWelcomeMsg()    - stated....
2024-10-09 22:43:23,475 [http-nio-8080-exec-1] INFO  com.luv2code.service.MsgService                    - getWelcomeMsg()     - ended.....
2024-10-09 22:43:23,475 [http-nio-8080-exec-1] WARN  com.luv2code.service.MsgService                    - this is the warning method  
2024-10-09 22:43:23,475 [http-nio-8080-exec-1] ERROR com.luv2code.service.MsgService                    - this is the error method
2024-10-09 22:51:45,670 [RMI TCP Connection(14)-127.0.0.1] INFO  o.s.b.a.SpringApplicationAdminMXBeanRegistrar$SpringApplicationAdmin - Application shutdown requested.
2024-10-09 22:51:45,679 [RMI TCP Connection(14)-127.0.0.1] INFO  o.apache.coyote.http11.Http11NioProtocol           - Stopping ProtocolHandler ["http-nio-8080"]
